2025-08-20 13:34:41,787 [INFO] Activator:176 - 


2025-08-20 13:34:41,793 [INFO] Activator:177 - !SESSION log4j initialized
2025-08-20 13:34:51,340 [INFO] LogOutputStream:77 - [STDOUT_REDIRECT] 
2025-08-20 13:34:54,756 [INFO] ApplicationProperties:184 - Using Application install path: C:\ST\STM32CubeIDE_1.19.0\STM32CubeIDE\plugins\com.st.stm32cube.common.mx_6.15.0.202507011659
2025-08-20 13:34:54,818 [INFO] DbMcusXml:78 - Set database path to: C:\ST\STM32CubeIDE_1.19.0\STM32CubeIDE\plugins\com.st.stm32cube.common.mx_6.15.0.202507011659\\db\/mcu/
2025-08-20 13:34:54,818 [INFO] ApiDb:274 - Set plugin database path to: C:\ST\STM32CubeIDE_1.19.0\STM32CubeIDE\plugins\com.st.stm32cube.common.mx_6.15.0.202507011659\\db\/plugins/boardmanager/
2025-08-20 13:34:54,819 [WARN] ApiDb:259 - Overriding images path with different value:  => C:\ST\STM32CubeIDE_1.19.0\STM32CubeIDE\plugins\com.st.stm32cube.common.mx_6.15.0.202507011659\\db\/plugins/mcufinder/images/
2025-08-20 13:34:54,841 [INFO] ApiDb:250 - Set database path to: C:\Users\abdur\.stmcufinder\plugins\mcufinder//mcu/
2025-08-20 13:34:54,845 [INFO] DbMcusAds:125 - Set database path to: C:\Users\abdur\.stmcufinder\plugins\mcufinder//mcu/
2025-08-20 13:34:54,862 [INFO] CrossReferenceDbSqlite:203 - Set database path to: C:\Users\abdur\.stmcufinder\plugins\mcufinder//mcu/cs/
2025-08-20 13:34:55,322 [INFO] RulesReader:64 - Compatibility file has been processed (317 Rules)
2025-08-20 13:34:55,644 [INFO] DbMcusXml:78 - Set database path to: C:\ST\STM32CubeIDE_1.19.0\STM32CubeIDE\plugins\com.st.stm32cube.common.mx_6.15.0.202507011659\\db\/mcu/
2025-08-20 13:34:55,645 [INFO] ApiDb:274 - Set plugin database path to: C:\ST\STM32CubeIDE_1.19.0\STM32CubeIDE\plugins\com.st.stm32cube.common.mx_6.15.0.202507011659\\db\/plugins/boardmanager/
2025-08-20 13:34:55,645 [INFO] ApiDb:261 - Set plugin images path to: C:\ST\STM32CubeIDE_1.19.0\STM32CubeIDE\plugins\com.st.stm32cube.common.mx_6.15.0.202507011659\\db\/plugins/mcufinder/images/
2025-08-20 13:34:55,645 [WARN] DbFile:41 - Overriding database path with different value: C:\Users\abdur\.stmcufinder\plugins\mcufinder/ => C:\Users\abdur\.stmcufinder\plugins\mcufinder
2025-08-20 13:34:55,645 [INFO] ApiDb:250 - Set database path to: C:\Users\abdur\.stmcufinder\plugins\mcufinder//mcu/
2025-08-20 13:34:55,645 [WARN] DbFile:41 - Overriding database path with different value: C:\Users\abdur\.stmcufinder\plugins\mcufinder/ => C:\Users\abdur\.stmcufinder\plugins\mcufinder
2025-08-20 13:34:55,646 [INFO] DbMcusAds:125 - Set database path to: C:\Users\abdur\.stmcufinder\plugins\mcufinder//mcu/
2025-08-20 13:34:55,646 [WARN] DbFile:41 - Overriding database path with different value: C:\Users\abdur\.stmcufinder\plugins\mcufinder/ => C:\Users\abdur\.stmcufinder\plugins\mcufinder
2025-08-20 13:34:55,646 [WARN] DbFile:41 - Overriding database path with different value: C:\Users\abdur\.stmcufinder\plugins\mcufinder/ => C:\Users\abdur\.stmcufinder\plugins\mcufinder
2025-08-20 13:34:55,646 [INFO] CrossReferenceDbSqlite:203 - Set database path to: C:\Users\abdur\.stmcufinder\plugins\mcufinder//mcu/cs/
2025-08-20 13:34:55,874 [INFO] MainPanel:274 - HeapMemory: 268435456
2025-08-20 13:34:56,189 [INFO] DbMcusXml:78 - Set database path to: C:\ST\STM32CubeIDE_1.19.0\STM32CubeIDE\plugins\com.st.stm32cube.common.mx_6.15.0.202507011659\\db\/mcu/
2025-08-20 13:34:56,190 [INFO] ApiDb:274 - Set plugin database path to: C:\ST\STM32CubeIDE_1.19.0\STM32CubeIDE\plugins\com.st.stm32cube.common.mx_6.15.0.202507011659\\db\/plugins/boardmanager/
2025-08-20 13:34:56,190 [INFO] ApiDb:261 - Set plugin images path to: C:\ST\STM32CubeIDE_1.19.0\STM32CubeIDE\plugins\com.st.stm32cube.common.mx_6.15.0.202507011659\\db\/plugins/mcufinder/images/
2025-08-20 13:34:56,191 [WARN] DbFile:41 - Overriding database path with different value: C:\Users\abdur\.stmcufinder\plugins\mcufinder/ => C:\Users\abdur\.stmcufinder\plugins\mcufinder
2025-08-20 13:34:56,192 [INFO] ApiDb:250 - Set database path to: C:\Users\abdur\.stmcufinder\plugins\mcufinder//mcu/
2025-08-20 13:34:56,192 [WARN] DbFile:41 - Overriding database path with different value: C:\Users\abdur\.stmcufinder\plugins\mcufinder/ => C:\Users\abdur\.stmcufinder\plugins\mcufinder
2025-08-20 13:34:56,192 [INFO] DbMcusAds:125 - Set database path to: C:\Users\abdur\.stmcufinder\plugins\mcufinder//mcu/
2025-08-20 13:34:56,192 [WARN] DbFile:41 - Overriding database path with different value: C:\Users\abdur\.stmcufinder\plugins\mcufinder/ => C:\Users\abdur\.stmcufinder\plugins\mcufinder
2025-08-20 13:34:56,192 [WARN] DbFile:41 - Overriding database path with different value: C:\Users\abdur\.stmcufinder\plugins\mcufinder/ => C:\Users\abdur\.stmcufinder\plugins\mcufinder
2025-08-20 13:34:56,192 [INFO] CrossReferenceDbSqlite:203 - Set database path to: C:\Users\abdur\.stmcufinder\plugins\mcufinder//mcu/cs/
2025-08-20 13:34:56,259 [INFO] ApplicationProperties:184 - Using Application install path: C:\ST\STM32CubeIDE_1.19.0\STM32CubeIDE\plugins\com.st.stm32cube.common.mx_6.15.0.202507011659
2025-08-20 13:34:56,266 [INFO] PluginManage:196 - Search for loadable plugins [exclusion list=, ]
2025-08-20 13:34:56,272 [INFO] PluginManage:310 - Check plugin analytics
2025-08-20 13:34:58,215 [INFO] AnalyticsPlugin:253 - Accepted Software Licenses: STM32CubeMX.6.15.0
2025-08-20 13:34:58,217 [INFO] AnalyticsPlugin:255 - Accepted CMSIS Pack Licenses: 
2025-08-20 13:34:58,218 [INFO] AnalyticsPlugin:257 - Accepted Firmware Licenses: FW.F4.1.28.0
2025-08-20 13:34:58,221 [INFO] PluginManage:359 - Loaded plugin analytics (category:tool,tabindex:-1)
2025-08-20 13:34:58,223 [INFO] PluginManage:310 - Check plugin cadmodel
2025-08-20 13:34:58,298 [INFO] CADModel:105 - Init CAD model plugin
2025-08-20 13:34:58,299 [INFO] PluginManage:359 - Loaded plugin cadmodel (category:power,tabindex:5)
2025-08-20 13:34:58,300 [INFO] PluginManage:310 - Check plugin clock
2025-08-20 13:34:58,450 [INFO] PluginManage:359 - Loaded plugin clock (category:base,tabindex:2)
2025-08-20 13:34:58,451 [INFO] PluginManage:310 - Check plugin ddr
2025-08-20 13:34:58,482 [INFO] PluginManage:359 - Loaded plugin ddr (category:tool,tabindex:6)
2025-08-20 13:34:58,483 [INFO] PluginManage:310 - Check plugin filemanager
2025-08-20 13:35:01,992 [INFO] PluginManage:359 - Loaded plugin filemanager (category:base,tabindex:10)
2025-08-20 13:35:01,993 [INFO] PluginManage:310 - Check plugin ipmanager
2025-08-20 13:35:02,025 [INFO] PluginManage:359 - Loaded plugin ipmanager (category:base,tabindex:5)
2025-08-20 13:35:02,026 [INFO] PluginManage:310 - Check plugin lpbam
2025-08-20 13:35:02,053 [INFO] PluginManage:359 - Loaded plugin lpbam (category:base,tabindex:0)
2025-08-20 13:35:02,054 [INFO] PluginManage:310 - Check plugin memorymap
2025-08-20 13:35:02,191 [INFO] PluginManage:359 - Loaded plugin memorymap (category:base,tabindex:4)
2025-08-20 13:35:02,191 [INFO] PluginManage:310 - Check plugin pinoutandconfiguration
2025-08-20 13:35:02,236 [INFO] PluginManage:359 - Loaded plugin pinoutandconfiguration (category:base,tabindex:1)
2025-08-20 13:35:02,236 [INFO] PluginManage:310 - Check plugin pinoutconfig
2025-08-20 13:35:02,556 [WARN] SupportedApi:132 - Cannot load RTOS API schema: s4s-elt-must-match.1: The content of 'definitions' must match (annotation?, (simpleType | complexType)?, (unique | key | keyref)*)). A problem was found starting at: attribute.
2025-08-20 13:35:02,874 [INFO] PluginManage:359 - Loaded plugin pinoutconfig (category:base,tabindex:0)
2025-08-20 13:35:02,874 [INFO] PluginManage:310 - Check plugin power
2025-08-20 13:35:02,915 [INFO] PluginManage:359 - Loaded plugin power (category:power,tabindex:4)
2025-08-20 13:35:02,915 [INFO] PluginManage:310 - Check plugin projectmanager
2025-08-20 13:35:02,968 [INFO] PluginManage:359 - Loaded plugin projectmanager (category:projectmanager,tabindex:4)
2025-08-20 13:35:02,968 [INFO] PluginManage:310 - Check plugin rif
2025-08-20 13:35:03,047 [INFO] PluginManage:359 - Loaded plugin rif (category:base,tabindex:3)
2025-08-20 13:35:03,048 [INFO] PluginManage:310 - Check plugin thirdparty
2025-08-20 13:35:03,357 [WARN] IntegrityCheckThread:84 - waiting for thirdparty lock release [integrity check]
2025-08-20 13:35:03,358 [INFO] IntegrityCheckThread:86 - entering critical section [integrity check]
2025-08-20 13:35:03,358 [INFO] ThirdPartyUpdaterWithRetryManager:70 - Updater plugin not ready yet. [1/15]
2025-08-20 13:35:03,360 [INFO] PluginManage:359 - Loaded plugin thirdparty (category:base,tabindex:-1)
2025-08-20 13:35:03,360 [INFO] PluginManage:310 - Check plugin tools
2025-08-20 13:35:03,365 [INFO] PluginManage:359 - Loaded plugin tools (category:base,tabindex:7)
2025-08-20 13:35:03,365 [INFO] PluginManage:310 - Check plugin tutovideos
2025-08-20 13:35:03,569 [INFO] PluginManage:359 - Loaded plugin tutovideos (category:base,tabindex:-1)
2025-08-20 13:35:03,570 [INFO] PluginManage:310 - Check plugin updater
2025-08-20 13:35:03,610 [INFO] PluginManage:359 - Loaded plugin updater (category:base,tabindex:12)
2025-08-20 13:35:03,611 [INFO] PluginManage:310 - Check plugin userauth
2025-08-20 13:35:03,618 [INFO] UserAuth:118 - Init User Auth plugin
2025-08-20 13:35:03,619 [INFO] PluginManage:359 - Loaded plugin userauth (category:base,tabindex:14)
2025-08-20 13:35:03,620 [INFO] PluginManage:283 - PluginManage : Loaded plugins [18]
2025-08-20 13:35:03,900 [INFO] PinOutPanel:1589 - setPackage(No Configuration,No Configuration)
2025-08-20 13:35:04,002 [INFO] CADModel:165 - CPN selected for project level
2025-08-20 13:35:04,003 [INFO] CADModel:114 - Register for checkConnection events
2025-08-20 13:35:04,027 [INFO] IPUIPlugin:80 - create IPUIPlugin
2025-08-20 13:35:04,027 [INFO] PluginManager:220 - loadIPPluginJar : add adc
2025-08-20 13:35:04,030 [INFO] IPUIPlugin:80 - create IPUIPlugin
2025-08-20 13:35:04,031 [INFO] PluginManager:220 - loadIPPluginJar : add aes
2025-08-20 13:35:04,033 [INFO] IPUIPlugin:80 - create IPUIPlugin
2025-08-20 13:35:04,033 [INFO] PluginManager:220 - loadIPPluginJar : add can
2025-08-20 13:35:04,036 [INFO] IPUIPlugin:80 - create IPUIPlugin
2025-08-20 13:35:04,036 [INFO] PluginManager:220 - loadIPPluginJar : add comp
2025-08-20 13:35:04,038 [INFO] IPUIPlugin:80 - create IPUIPlugin
2025-08-20 13:35:04,038 [INFO] PluginManager:220 - loadIPPluginJar : add cryp
2025-08-20 13:35:04,041 [INFO] IPUIPlugin:80 - create IPUIPlugin
2025-08-20 13:35:04,042 [INFO] PluginManager:220 - loadIPPluginJar : add ddr_ctrl_phy
2025-08-20 13:35:04,044 [INFO] IPUIPlugin:80 - create IPUIPlugin
2025-08-20 13:35:04,044 [INFO] PluginManager:220 - loadIPPluginJar : add dfsdm
2025-08-20 13:35:04,049 [INFO] IPUIPlugin:80 - create IPUIPlugin
2025-08-20 13:35:04,049 [INFO] PluginManager:220 - loadIPPluginJar : add dma
2025-08-20 13:35:04,053 [INFO] IPUIPlugin:80 - create IPUIPlugin
2025-08-20 13:35:04,053 [INFO] PluginManager:220 - loadIPPluginJar : add dma3
2025-08-20 13:35:04,055 [INFO] IPUIPlugin:80 - create IPUIPlugin
2025-08-20 13:35:04,055 [INFO] PluginManager:220 - loadIPPluginJar : add extmemmanager
2025-08-20 13:35:04,058 [INFO] IPUIPlugin:80 - create IPUIPlugin
2025-08-20 13:35:04,058 [INFO] PluginManager:220 - loadIPPluginJar : add fatfs
2025-08-20 13:35:04,064 [INFO] IPUIPlugin:80 - create IPUIPlugin
2025-08-20 13:35:04,064 [INFO] PluginManager:220 - loadIPPluginJar : add fmc
2025-08-20 13:35:04,077 [INFO] IPUIPlugin:80 - create IPUIPlugin
2025-08-20 13:35:04,077 [INFO] PluginManager:220 - loadIPPluginJar : add freertos
2025-08-20 13:35:04,079 [INFO] IPUIPlugin:80 - create IPUIPlugin
2025-08-20 13:35:04,079 [INFO] PluginManager:220 - loadIPPluginJar : add genericplugin
2025-08-20 13:35:04,081 [INFO] IPUIPlugin:80 - create IPUIPlugin
2025-08-20 13:35:04,082 [INFO] PluginManager:220 - loadIPPluginJar : add gfxmmu
2025-08-20 13:35:04,087 [INFO] IPUIPlugin:80 - create IPUIPlugin
2025-08-20 13:35:04,087 [INFO] PluginManager:220 - loadIPPluginJar : add gic
2025-08-20 13:35:04,091 [INFO] IPUIPlugin:80 - create IPUIPlugin
2025-08-20 13:35:04,091 [INFO] PluginManager:220 - loadIPPluginJar : add gpio
2025-08-20 13:35:04,094 [INFO] IPUIPlugin:80 - create IPUIPlugin
2025-08-20 13:35:04,095 [INFO] PluginManager:220 - loadIPPluginJar : add gtzc
2025-08-20 13:35:04,098 [INFO] IPUIPlugin:80 - create IPUIPlugin
2025-08-20 13:35:04,098 [INFO] PluginManager:220 - loadIPPluginJar : add hash
2025-08-20 13:35:04,101 [INFO] IPUIPlugin:80 - create IPUIPlugin
2025-08-20 13:35:04,101 [INFO] PluginManager:220 - loadIPPluginJar : add i2c
2025-08-20 13:35:04,104 [INFO] IPUIPlugin:80 - create IPUIPlugin
2025-08-20 13:35:04,104 [INFO] PluginManager:220 - loadIPPluginJar : add i2s
2025-08-20 13:35:04,106 [INFO] IPUIPlugin:80 - create IPUIPlugin
2025-08-20 13:35:04,107 [INFO] PluginManager:220 - loadIPPluginJar : add i3c
2025-08-20 13:35:04,110 [INFO] IPUIPlugin:80 - create IPUIPlugin
2025-08-20 13:35:04,110 [INFO] PluginManager:220 - loadIPPluginJar : add ipddr
2025-08-20 13:35:04,116 [INFO] IPUIPlugin:80 - create IPUIPlugin
2025-08-20 13:35:04,116 [INFO] PluginManager:220 - loadIPPluginJar : add linkedlist
2025-08-20 13:35:04,121 [INFO] IPUIPlugin:80 - create IPUIPlugin
2025-08-20 13:35:04,121 [INFO] PluginManager:220 - loadIPPluginJar : add lorawan
2025-08-20 13:35:04,122 [INFO] IPUIPlugin:80 - create IPUIPlugin
2025-08-20 13:35:04,122 [INFO] PluginManager:220 - loadIPPluginJar : add ltdc
2025-08-20 13:35:04,128 [INFO] IPUIPlugin:80 - create IPUIPlugin
2025-08-20 13:35:04,129 [INFO] PluginManager:220 - loadIPPluginJar : add mdma
2025-08-20 13:35:04,133 [INFO] IPUIPlugin:80 - create IPUIPlugin
2025-08-20 13:35:04,133 [INFO] PluginManager:220 - loadIPPluginJar : add nvic
2025-08-20 13:35:04,137 [INFO] IPUIPlugin:80 - create IPUIPlugin
2025-08-20 13:35:04,137 [INFO] PluginManager:220 - loadIPPluginJar : add opamp
2025-08-20 13:35:04,139 [INFO] IPUIPlugin:80 - create IPUIPlugin
2025-08-20 13:35:04,140 [INFO] PluginManager:220 - loadIPPluginJar : add openamp
2025-08-20 13:35:04,144 [INFO] IPUIPlugin:80 - create IPUIPlugin
2025-08-20 13:35:04,144 [INFO] PluginManager:220 - loadIPPluginJar : add pdm2pcm
2025-08-20 13:35:04,149 [INFO] IPUIPlugin:80 - create IPUIPlugin
2025-08-20 13:35:04,152 [INFO] PluginManager:220 - loadIPPluginJar : add plateformsettings
2025-08-20 13:35:04,154 [INFO] IPUIPlugin:80 - create IPUIPlugin
2025-08-20 13:35:04,154 [INFO] PluginManager:220 - loadIPPluginJar : add quadspi
2025-08-20 13:35:04,158 [INFO] IPUIPlugin:80 - create IPUIPlugin
2025-08-20 13:35:04,158 [INFO] PluginManager:220 - loadIPPluginJar : add radio
2025-08-20 13:35:04,163 [INFO] IPUIPlugin:80 - create IPUIPlugin
2025-08-20 13:35:04,163 [INFO] PluginManager:220 - loadIPPluginJar : add resmgrutility
2025-08-20 13:35:04,168 [INFO] IPUIPlugin:80 - create IPUIPlugin
2025-08-20 13:35:04,169 [INFO] PluginManager:220 - loadIPPluginJar : add sai
2025-08-20 13:35:04,171 [INFO] IPUIPlugin:80 - create IPUIPlugin
2025-08-20 13:35:04,172 [INFO] PluginManager:220 - loadIPPluginJar : add spi
2025-08-20 13:35:04,177 [INFO] IPUIPlugin:80 - create IPUIPlugin
2025-08-20 13:35:04,177 [INFO] PluginManager:220 - loadIPPluginJar : add stm32_wpan
2025-08-20 13:35:04,179 [INFO] IPUIPlugin:80 - create IPUIPlugin
2025-08-20 13:35:04,179 [INFO] PluginManager:220 - loadIPPluginJar : add tim
2025-08-20 13:35:04,182 [INFO] IPUIPlugin:80 - create IPUIPlugin
2025-08-20 13:35:04,183 [INFO] PluginManager:220 - loadIPPluginJar : add touchsensing
2025-08-20 13:35:04,185 [INFO] IPUIPlugin:80 - create IPUIPlugin
2025-08-20 13:35:04,185 [INFO] PluginManager:220 - loadIPPluginJar : add tracer_emb
2025-08-20 13:35:04,190 [INFO] IPUIPlugin:80 - create IPUIPlugin
2025-08-20 13:35:04,190 [INFO] PluginManager:220 - loadIPPluginJar : add ts
2025-08-20 13:35:04,192 [INFO] IPUIPlugin:80 - create IPUIPlugin
2025-08-20 13:35:04,192 [INFO] PluginManager:220 - loadIPPluginJar : add tsc
2025-08-20 13:35:04,197 [INFO] IPUIPlugin:80 - create IPUIPlugin
2025-08-20 13:35:04,197 [INFO] PluginManager:220 - loadIPPluginJar : add ucpd
2025-08-20 13:35:04,201 [INFO] IPUIPlugin:80 - create IPUIPlugin
2025-08-20 13:35:04,201 [INFO] PluginManager:220 - loadIPPluginJar : add usart
2025-08-20 13:35:04,205 [INFO] IPUIPlugin:80 - create IPUIPlugin
2025-08-20 13:35:04,205 [INFO] PluginManager:220 - loadIPPluginJar : add usbx
2025-08-20 13:35:04,354 [FATAL] Updater:351 - Updater called before beeing initialized
2025-08-20 13:35:04,404 [INFO] RulesReader:64 - Compatibility file has been processed (317 Rules)
2025-08-20 13:35:04,424 [INFO] RulesReader:64 - Compatibility file has been processed (317 Rules)
2025-08-20 13:35:04,444 [INFO] CADModel:165 - CPN selected for project level
2025-08-20 13:35:04,445 [INFO] CADModel:114 - Register for checkConnection events
2025-08-20 13:35:04,445 [FATAL] Updater:351 - Updater called before beeing initialized
2025-08-20 13:35:04,445 [ERROR] CADModel:125 - Updater not yet initialized, retry later 
2025-08-20 13:35:04,853 [FATAL] Updater:351 - Updater called before beeing initialized
2025-08-20 13:35:04,855 [INFO] CADModel:165 - CPN selected for project level
2025-08-20 13:35:04,855 [INFO] CADModel:114 - Register for checkConnection events
2025-08-20 13:35:04,855 [FATAL] Updater:351 - Updater called before beeing initialized
2025-08-20 13:35:04,855 [ERROR] CADModel:125 - Updater not yet initialized, retry later 
2025-08-20 13:35:04,860 [FATAL] Updater:351 - Updater called before beeing initialized
2025-08-20 13:35:05,062 [FATAL] Updater:351 - Updater called before beeing initialized
2025-08-20 13:35:05,076 [INFO] DbMcusAds:53 - JSON generation date=Tue Jul 08 11:14:23 TRT 2025 (1751962463582)
2025-08-20 13:35:05,076 [FATAL] Updater:351 - Updater called before beeing initialized
2025-08-20 13:35:05,123 [WARN] DetailPanel:346 - Failed to get advertising image, set to default
2025-08-20 13:35:05,197 [FATAL] Updater:351 - Updater called before beeing initialized
2025-08-20 13:35:05,199 [FATAL] Updater:351 - Updater called before beeing initialized
2025-08-20 13:35:05,199 [FATAL] Updater:351 - Updater called before beeing initialized
2025-08-20 13:35:05,199 [WARN] DetailPanel:346 - Failed to get advertising image, set to default
2025-08-20 13:35:05,200 [FATAL] Updater:351 - Updater called before beeing initialized
2025-08-20 13:35:05,270 [ERROR] Updater:1198 - MainUpdater not yet initialized. External WinMGr cannot be set.
2025-08-20 13:35:05,272 [INFO] Updater:1134 - Updater Version found : 6.15.0
2025-08-20 13:35:05,290 [INFO] ApplicationProperties:184 - Using Application install path: C:\ST\STM32CubeIDE_1.19.0\STM32CubeIDE\plugins\com.st.stm32cube.common.mx_6.15.0.202507011659
2025-08-20 13:35:06,360 [INFO] ThirdPartyUpdaterWithRetryManager:70 - Updater plugin not ready yet. [2/15]
2025-08-20 13:35:06,869 [ERROR] LogOutputStream:75 - [STDERR_REDIRECT] Aug 20, 2025 1:35:06 PM java.util.prefs.WindowsPreferences <init>
2025-08-20 13:35:06,871 [ERROR] LogOutputStream:75 - [STDERR_REDIRECT] WARNING: Could not open/create prefs root node Software\JavaSoft\Prefs at root 0xffffffff80000002. Windows RegCreateKeyEx(...) returned error code 5.
2025-08-20 13:35:06,871 [ERROR] LogOutputStream:75 - [STDERR_REDIRECT] 
2025-08-20 13:35:07,428 [INFO] MainUpdater:2872 - connection check result : 10
2025-08-20 13:35:07,429 [INFO] MainUpdater:289 - Updater Check For Update Now.
2025-08-20 13:35:07,429 [INFO] MicroXplorer:498 - Change Database Version : DB.6.0.150
2025-08-20 13:35:07,442 [INFO] McuFinderGlobals:63 - Set McuFinder mode to 2 (CubeIDE integrated)
2025-08-20 13:35:07,442 [INFO] UserAuth:171 - activating auth plugin
2025-08-20 13:35:07,448 [INFO] UserAuth:487 - Internet connection configuration mode: 1
2025-08-20 13:35:07,524 [INFO] JxBrowserEngine:152 - Initiate JxBrowser Engine with user profile folder
2025-08-20 13:35:07,660 [INFO] CheckServerUpdateThread:120 - End of CheckServer Thread
2025-08-20 13:35:09,550 [INFO] WebApp:169 - Instantiating new browser for Auth
2025-08-20 13:35:09,724 [WARN] PackLoader:240 - Cannot read IP mode file for STMicroelectronics.FP-SNS-MOTENVWB1.1.4.0
2025-08-20 13:35:09,739 [WARN] PackLoader:240 - Cannot read IP mode file for STMicroelectronics.FP-ATR-ASTRA1.2.0.2
2025-08-20 13:35:09,751 [WARN] PackLoader:240 - Cannot read IP mode file for STMicroelectronics.X-CUBE-SMBUS.2.1.0
2025-08-20 13:35:09,758 [WARN] PackLoader:240 - Cannot read IP mode file for STMicroelectronics.X-CUBE-ST60.1.0.0
2025-08-20 13:35:09,813 [WARN] PackLoader:240 - Cannot read IP mode file for STMicroelectronics.X-CUBE-AZRTOS-F7.1.1.0
2025-08-20 13:35:09,855 [WARN] PackLoader:240 - Cannot read IP mode file for Infineon.AIROC-Wi-Fi-Bluetooth-STM32.1.7.1
2025-08-20 13:35:09,891 [WARN] PackLoader:240 - Cannot read IP mode file for STMicroelectronics.X-CUBE-AZRTOS-H7.3.4.0
2025-08-20 13:35:09,909 [WARN] PackLoader:240 - Cannot read IP mode file for STMicroelectronics.X-CUBE-DISPLAY.3.0.0
2025-08-20 13:35:09,930 [WARN] PackLoader:240 - Cannot read IP mode file for STMicroelectronics.X-CUBE-NFC10.1.0.0
2025-08-20 13:35:09,942 [WARN] PackLoader:240 - Cannot read IP mode file for emotas.I-CUBE-CANOPEN.1.3.0
2025-08-20 13:35:09,955 [WARN] PackLoader:240 - Cannot read IP mode file for STMicroelectronics.FP-SNS-STBOX1.2.1.0
2025-08-20 13:35:09,965 [WARN] PackLoader:240 - Cannot read IP mode file for STMicroelectronics.FP-SNS-SMARTAG2.1.2.0
2025-08-20 13:35:09,970 [WARN] PackLoader:240 - Cannot read IP mode file for STMicroelectronics.FP-SNS-FLIGHT1.5.1.0
2025-08-20 13:35:09,981 [INFO] LogOutputStream:77 - [STDOUT_REDIRECT] 1 : Invalid condition id : UX_CORESTACK_Condition cause : null
2025-08-20 13:35:09,982 [INFO] LogOutputStream:77 - [STDOUT_REDIRECT] 1 : Invalid condition id : UX_CORESTACK_Condition cause : null
2025-08-20 13:35:09,984 [INFO] LogOutputStream:77 - [STDOUT_REDIRECT] 1 : Invalid condition id : UX_CORESTACK_Condition cause : null
2025-08-20 13:35:09,985 [INFO] LogOutputStream:77 - [STDOUT_REDIRECT] 1 : Invalid condition id : UX_CORESTACK_Condition cause : null
2025-08-20 13:35:09,987 [INFO] LogOutputStream:77 - [STDOUT_REDIRECT] 1 : Invalid condition id : UX_CORESTACK_Condition cause : null
2025-08-20 13:35:09,990 [WARN] PackLoader:240 - Cannot read IP mode file for STMicroelectronics.X-CUBE-AZRTOS-WL.2.0.0
2025-08-20 13:35:09,998 [WARN] PackLoader:240 - Cannot read IP mode file for STMicroelectronics.FP-SNS-MOTENV1.5.0.0
2025-08-20 13:35:10,015 [WARN] PackLoader:240 - Cannot read IP mode file for WES.I-CUBE-Cesium.1.3.0
2025-08-20 13:35:10,021 [WARN] PackLoader:240 - Cannot read IP mode file for STMicroelectronics.X-CUBE-BLE2.3.3.0
2025-08-20 13:35:10,028 [WARN] PackLoader:240 - Cannot read IP mode file for STMicroelectronics.X-CUBE-NFC9.1.0.0
2025-08-20 13:35:10,035 [WARN] PackLoader:240 - Cannot read IP mode file for wolfSSL.I-CUBE-wolfSSL.5.8.0
2025-08-20 13:35:10,042 [WARN] PackLoader:240 - Cannot read IP mode file for STMicroelectronics.X-CUBE-BLE1.7.1.0
2025-08-20 13:35:10,048 [WARN] PackLoader:240 - Cannot read IP mode file for wolfSSL.I-CUBE-wolfMQTT.1.19.2
2025-08-20 13:35:10,058 [WARN] PackLoader:240 - Cannot read IP mode file for STMicroelectronics.X-CUBE-EEPRMA1.5.2.0
2025-08-20 13:35:10,066 [WARN] PackLoader:240 - Cannot read IP mode file for STMicroelectronics.X-CUBE-AI.10.1.0
2025-08-20 13:35:10,081 [WARN] PackLoader:240 - Cannot read IP mode file for STMicroelectronics.X-CUBE-AZRTOS-G0.1.1.0
2025-08-20 13:35:10,089 [WARN] PackLoader:240 - Cannot read IP mode file for STMicroelectronics.X-CUBE-SAFEA1.1.2.2
2025-08-20 13:35:10,095 [WARN] PackLoader:240 - Cannot read IP mode file for STMicroelectronics.X-CUBE-NFC4.3.0.0
2025-08-20 13:35:10,109 [WARN] PackLoader:240 - Cannot read IP mode file for EmbeddedOffice.I-CUBE-FS-RTOS.1.0.1
2025-08-20 13:35:10,116 [WARN] PackLoader:240 - Cannot read IP mode file for STMicroelectronics.X-CUBE-WB05N.2.0.0
2025-08-20 13:35:10,121 [WARN] PackLoader:240 - Cannot read IP mode file for wolfSSL.I-CUBE-wolfTPM.3.8.0
2025-08-20 13:35:10,129 [WARN] PackLoader:240 - Cannot read IP mode file for STMicroelectronics.X-CUBE-TCPP.4.2.0
2025-08-20 13:35:10,138 [WARN] PackLoader:240 - Cannot read IP mode file for RealThread.X-CUBE-RT-Thread_Nano.4.1.1
2025-08-20 13:35:10,144 [WARN] PackLoader:240 - Cannot read IP mode file for STMicroelectronics.FP-ATR-SIGFOX1.3.2.0
2025-08-20 13:35:10,152 [WARN] PackLoader:240 - Cannot read IP mode file for ITTIA_DB.I-CUBE-ITTIADB.8.9.0
2025-08-20 13:35:10,163 [WARN] PackLoader:240 - Cannot read IP mode file for STMicroelectronics.X-CUBE-ST67W61.1.0.0
2025-08-20 13:35:10,169 [WARN] PackLoader:240 - Cannot read IP mode file for STMicroelectronics.X-CUBE-AI.10.2.0
2025-08-20 13:35:10,215 [WARN] PackLoader:240 - Cannot read IP mode file for SEGGER.I-CUBE-embOS.1.3.1
2025-08-20 13:35:10,255 [WARN] PackLoader:240 - Cannot read IP mode file for STMicroelectronics.X-CUBE-ALGOBUILD.1.4.0
2025-08-20 13:35:10,294 [WARN] PackLoader:240 - Cannot read IP mode file for STMicroelectronics.X-CUBE-MEMS1.11.3.0
2025-08-20 13:35:10,420 [WARN] PackLoader:240 - Cannot read IP mode file for STMicroelectronics.X-CUBE-PM33A1.1.0.0
2025-08-20 13:35:10,443 [WARN] PackLoader:240 - Cannot read IP mode file for STMicroelectronics.X-CUBE-AZRTOS-F4.1.1.0
2025-08-20 13:35:10,451 [WARN] PackLoader:240 - Cannot read IP mode file for Avnet-IotConnect.X-CUBE-IoTC-DA16k-PMOD.1.0.0
2025-08-20 13:35:10,455 [WARN] PackLoader:240 - Cannot read IP mode file for STMicroelectronics.X-CUBE-ISPU.2.1.0
2025-08-20 13:35:10,464 [WARN] PackLoader:240 - Cannot read IP mode file for STMicroelectronics.X-CUBE-NFC12.1.0.0
2025-08-20 13:35:10,529 [WARN] PackLoader:240 - Cannot read IP mode file for STMicroelectronics.X-CUBE-AZRTOS-L5.2.0.0
2025-08-20 13:35:10,545 [WARN] PackLoader:240 - Cannot read IP mode file for STMicroelectronics.X-CUBE-NFC6.3.1.0
2025-08-20 13:35:10,562 [WARN] PackLoader:240 - Cannot read IP mode file for STMicroelectronics.X-CUBE-FREERTOS.1.3.1
2025-08-20 13:35:10,569 [WARN] PackLoader:240 - Cannot read IP mode file for STMicroelectronics.FP-SNS-STAIOTCFT.1.0.0
2025-08-20 13:35:10,576 [WARN] PackLoader:240 - Cannot read IP mode file for STMicroelectronics.X-CUBE-DPower.1.3.0
2025-08-20 13:35:10,593 [WARN] ConditionMgr:438 - getConditionDescription Invalid condition id : LAN8742 Phy interface Condition cause : null
2025-08-20 13:35:10,595 [WARN] PackLoader:240 - Cannot read IP mode file for STMicroelectronics.X-CUBE-AZRTOS-L4.2.0.0
2025-08-20 13:35:10,595 [WARN] ConditionMgr:1044 - genDependencies : Invalid condition id : LAN8742 Phy interface Condition cause : null
2025-08-20 13:35:10,597 [WARN] ConditionMgr:1044 - genDependencies : Invalid condition id : LAN8742 Phy interface Condition cause : null
2025-08-20 13:35:10,597 [WARN] ConditionMgr:1044 - genDependencies : Invalid condition id : LAN8742 Phy interface Condition cause : null
2025-08-20 13:35:10,607 [WARN] PackLoader:240 - Cannot read IP mode file for STMicroelectronics.X-CUBE-SFXS2LP1.4.0.0
2025-08-20 13:35:10,619 [WARN] PackLoader:240 - Cannot read IP mode file for STMicroelectronics.X-CUBE-BLEMGR.4.1.0
2025-08-20 13:35:10,634 [WARN] ConditionMgr:438 - getConditionDescription Invalid condition id : UX DEVICE CLASS RTOS Condition cause : null
2025-08-20 13:35:10,634 [WARN] ConditionMgr:438 - getConditionDescription Invalid condition id : UX DEVICE CLASS RTOS Condition cause : null
2025-08-20 13:35:10,635 [WARN] PackLoader:240 - Cannot read IP mode file for STMicroelectronics.X-CUBE-AZRTOS-WB.2.0.0
2025-08-20 13:35:10,636 [WARN] ConditionMgr:1044 - genDependencies : Invalid condition id : UX DEVICE CLASS RTOS Condition cause : null
2025-08-20 13:35:10,636 [WARN] ConditionMgr:1044 - genDependencies : Invalid condition id : UX DEVICE CLASS RTOS Condition cause : null
2025-08-20 13:35:10,636 [WARN] ConditionMgr:1044 - genDependencies : Invalid condition id : UX DEVICE CLASS RTOS Condition cause : null
2025-08-20 13:35:10,636 [WARN] ConditionMgr:1044 - genDependencies : Invalid condition id : UX DEVICE CLASS RTOS Condition cause : null
2025-08-20 13:35:10,636 [WARN] ConditionMgr:1044 - genDependencies : Invalid condition id : UX DEVICE CLASS RTOS Condition cause : null
2025-08-20 13:35:10,643 [WARN] PackLoader:240 - Cannot read IP mode file for STMicroelectronics.X-CUBE-GNSS1.7.0.1
2025-08-20 13:35:10,658 [WARN] PackLoader:240 - Cannot read IP mode file for STMicroelectronics.X-CUBE-TOUCHGFX.4.25.0
2025-08-20 13:35:10,665 [WARN] PackLoader:240 - Cannot read IP mode file for STMicroelectronics.FP-SNS-STBOX1.2.0.0
2025-08-20 13:35:10,675 [WARN] ConditionMgr:438 - getConditionDescription Invalid condition id : Cortex-A Device cause : null
2025-08-20 13:35:10,706 [WARN] ConditionMgr:1044 - genDependencies : Invalid condition id : Cortex-A Device cause : null
2025-08-20 13:35:10,706 [WARN] ConditionMgr:1044 - genDependencies : Invalid condition id : Cortex-A Device cause : null
2025-08-20 13:35:10,706 [WARN] ConditionMgr:1044 - genDependencies : Invalid condition id : Cortex-A Device cause : null
2025-08-20 13:35:10,717 [WARN] PackLoader:240 - Cannot read IP mode file for STMicroelectronics.X-CUBE-SUBG2.5.0.0
2025-08-20 13:35:10,738 [WARN] PackLoader:240 - Cannot read IP mode file for STMicroelectronics.X-CUBE-AZRTOS-H7RS.1.1.0
2025-08-20 13:35:10,759 [WARN] PackLoader:240 - Cannot read IP mode file for Cesanta.I-CUBE-Mongoose.7.13.0
2025-08-20 13:35:10,771 [WARN] PackLoader:240 - Cannot read IP mode file for STMicroelectronics.X-CUBE-AZRTOS-G4.2.0.0
2025-08-20 13:35:10,779 [WARN] PackLoader:240 - Cannot read IP mode file for wolfSSL.I-CUBE-wolfSSH.1.4.20
2025-08-20 13:35:10,785 [WARN] PackLoader:240 - Cannot read IP mode file for STMicroelectronics.X-CUBE-NFC7.2.0.0
2025-08-20 13:35:10,799 [WARN] PackLoader:240 - Cannot read IP mode file for STMicroelectronics.X-CUBE-IPS.3.1.0
2025-08-20 13:35:10,809 [WARN] PackLoader:240 - Cannot read IP mode file for STMicroelectronics.X-CUBE-ALS.1.0.2
2025-08-20 13:35:10,815 [WARN] PackLoader:240 - Cannot read IP mode file for portGmbH.I-Cube-SoM-uGOAL.1.1.0
2025-08-20 13:35:10,824 [WARN] PackLoader:240 - Cannot read IP mode file for STMicroelectronics.X-CUBE-TOF1.3.4.3
2025-08-20 13:35:10,835 [INFO] ThirdParty:978 - Integrity check success = true
2025-08-20 13:35:10,836 [INFO] IntegrityCheckThread:100 - exiting critical section [integrity check]
2025-08-20 13:35:10,836 [INFO] IntegrityCheckThread:103 - End integrity checks thread
2025-08-20 13:35:12,357 [INFO] WebApp:463 - Apply proxy settings
2025-08-20 13:35:12,358 [INFO] WebApp:548 - Chromium requires no authentication
2025-08-20 13:35:12,368 [INFO] WebApp:491 - Direct internet connection detected
2025-08-20 13:35:12,395 [INFO] WebApp:900 - Register for checkConnection events
2025-08-20 13:35:12,395 [INFO] WebApp:463 - Apply proxy settings
2025-08-20 13:35:12,395 [INFO] WebApp:548 - Chromium requires no authentication
2025-08-20 13:35:12,396 [INFO] WebApp:491 - Direct internet connection detected
2025-08-20 13:35:12,556 [INFO] WebApp:225 - Starting web application
2025-08-20 13:35:12,556 [INFO] WebApp:593 - Web application path used C:\ST\STM32CubeIDE_1.19.0\STM32CubeIDE\plugins\com.st.stm32cube.common.mx_6.15.0.202507011659\db\plugins\mcufinder\reactClient1\index.html
2025-08-20 13:35:13,690 [INFO] WebApp:191 - Connection restablished
