2025-07-27 19:08:45,946 [INFO] Activator:176 - 


2025-07-27 19:08:45,951 [INFO] Activator:177 - !SESSION log4j initialized
2025-07-27 19:08:54,244 [INFO] LogOutputStream:77 - [STDOUT_REDIRECT] 
2025-07-27 19:08:55,084 [ERROR] ConfigurationRetriever:142 - IOException on connection: sw-center.st.com
2025-07-27 19:08:55,086 [ERROR] ConfigurationRetriever:142 - IOException on connection: sw-center.st.com
2025-07-27 19:08:55,086 [ERROR] ConfigurationRetriever:142 - IOException on connection: sw-center.st.com
2025-07-27 19:08:56,564 [INFO] ApplicationProperties:184 - Using Application install path: C:\ST\STM32CubeIDE_1.19.0\STM32CubeIDE\plugins\com.st.stm32cube.common.mx_6.15.0.202507011659
2025-07-27 19:08:56,596 [INFO] DbMcusXml:78 - Set database path to: C:\ST\STM32CubeIDE_1.19.0\STM32CubeIDE\plugins\com.st.stm32cube.common.mx_6.15.0.202507011659\\db\/mcu/
2025-07-27 19:08:56,596 [INFO] ApiDb:274 - Set plugin database path to: C:\ST\STM32CubeIDE_1.19.0\STM32CubeIDE\plugins\com.st.stm32cube.common.mx_6.15.0.202507011659\\db\/plugins/boardmanager/
2025-07-27 19:08:56,596 [WARN] ApiDb:259 - Overriding images path with different value:  => C:\ST\STM32CubeIDE_1.19.0\STM32CubeIDE\plugins\com.st.stm32cube.common.mx_6.15.0.202507011659\\db\/plugins/mcufinder/images/
2025-07-27 19:08:56,609 [INFO] ApiDb:250 - Set database path to: C:\Users\abdur\.stmcufinder\plugins\mcufinder//mcu/
2025-07-27 19:08:56,611 [INFO] DbMcusAds:125 - Set database path to: C:\Users\abdur\.stmcufinder\plugins\mcufinder//mcu/
2025-07-27 19:08:56,614 [INFO] CrossReferenceDbSqlite:203 - Set database path to: C:\Users\abdur\.stmcufinder\plugins\mcufinder//mcu/cs/
2025-07-27 19:08:56,775 [INFO] RulesReader:64 - Compatibility file has been processed (317 Rules)
2025-07-27 19:08:56,906 [INFO] DbMcusXml:78 - Set database path to: C:\ST\STM32CubeIDE_1.19.0\STM32CubeIDE\plugins\com.st.stm32cube.common.mx_6.15.0.202507011659\\db\/mcu/
2025-07-27 19:08:56,907 [INFO] ApiDb:274 - Set plugin database path to: C:\ST\STM32CubeIDE_1.19.0\STM32CubeIDE\plugins\com.st.stm32cube.common.mx_6.15.0.202507011659\\db\/plugins/boardmanager/
2025-07-27 19:08:56,907 [INFO] ApiDb:261 - Set plugin images path to: C:\ST\STM32CubeIDE_1.19.0\STM32CubeIDE\plugins\com.st.stm32cube.common.mx_6.15.0.202507011659\\db\/plugins/mcufinder/images/
2025-07-27 19:08:56,907 [WARN] DbFile:41 - Overriding database path with different value: C:\Users\abdur\.stmcufinder\plugins\mcufinder/ => C:\Users\abdur\.stmcufinder\plugins\mcufinder
2025-07-27 19:08:56,907 [INFO] ApiDb:250 - Set database path to: C:\Users\abdur\.stmcufinder\plugins\mcufinder//mcu/
2025-07-27 19:08:56,907 [WARN] DbFile:41 - Overriding database path with different value: C:\Users\abdur\.stmcufinder\plugins\mcufinder/ => C:\Users\abdur\.stmcufinder\plugins\mcufinder
2025-07-27 19:08:56,907 [INFO] DbMcusAds:125 - Set database path to: C:\Users\abdur\.stmcufinder\plugins\mcufinder//mcu/
2025-07-27 19:08:56,907 [WARN] DbFile:41 - Overriding database path with different value: C:\Users\abdur\.stmcufinder\plugins\mcufinder/ => C:\Users\abdur\.stmcufinder\plugins\mcufinder
2025-07-27 19:08:56,907 [WARN] DbFile:41 - Overriding database path with different value: C:\Users\abdur\.stmcufinder\plugins\mcufinder/ => C:\Users\abdur\.stmcufinder\plugins\mcufinder
2025-07-27 19:08:56,908 [INFO] CrossReferenceDbSqlite:203 - Set database path to: C:\Users\abdur\.stmcufinder\plugins\mcufinder//mcu/cs/
2025-07-27 19:08:57,013 [INFO] MainPanel:274 - HeapMemory: 268435456
2025-07-27 19:08:57,166 [INFO] DbMcusXml:78 - Set database path to: C:\ST\STM32CubeIDE_1.19.0\STM32CubeIDE\plugins\com.st.stm32cube.common.mx_6.15.0.202507011659\\db\/mcu/
2025-07-27 19:08:57,166 [INFO] ApiDb:274 - Set plugin database path to: C:\ST\STM32CubeIDE_1.19.0\STM32CubeIDE\plugins\com.st.stm32cube.common.mx_6.15.0.202507011659\\db\/plugins/boardmanager/
2025-07-27 19:08:57,166 [INFO] ApiDb:261 - Set plugin images path to: C:\ST\STM32CubeIDE_1.19.0\STM32CubeIDE\plugins\com.st.stm32cube.common.mx_6.15.0.202507011659\\db\/plugins/mcufinder/images/
2025-07-27 19:08:57,168 [WARN] DbFile:41 - Overriding database path with different value: C:\Users\abdur\.stmcufinder\plugins\mcufinder/ => C:\Users\abdur\.stmcufinder\plugins\mcufinder
2025-07-27 19:08:57,168 [INFO] ApiDb:250 - Set database path to: C:\Users\abdur\.stmcufinder\plugins\mcufinder//mcu/
2025-07-27 19:08:57,168 [WARN] DbFile:41 - Overriding database path with different value: C:\Users\abdur\.stmcufinder\plugins\mcufinder/ => C:\Users\abdur\.stmcufinder\plugins\mcufinder
2025-07-27 19:08:57,168 [INFO] DbMcusAds:125 - Set database path to: C:\Users\abdur\.stmcufinder\plugins\mcufinder//mcu/
2025-07-27 19:08:57,168 [WARN] DbFile:41 - Overriding database path with different value: C:\Users\abdur\.stmcufinder\plugins\mcufinder/ => C:\Users\abdur\.stmcufinder\plugins\mcufinder
2025-07-27 19:08:57,168 [WARN] DbFile:41 - Overriding database path with different value: C:\Users\abdur\.stmcufinder\plugins\mcufinder/ => C:\Users\abdur\.stmcufinder\plugins\mcufinder
2025-07-27 19:08:57,169 [INFO] CrossReferenceDbSqlite:203 - Set database path to: C:\Users\abdur\.stmcufinder\plugins\mcufinder//mcu/cs/
2025-07-27 19:08:57,193 [INFO] ApplicationProperties:184 - Using Application install path: C:\ST\STM32CubeIDE_1.19.0\STM32CubeIDE\plugins\com.st.stm32cube.common.mx_6.15.0.202507011659
2025-07-27 19:08:57,195 [INFO] PluginManage:196 - Search for loadable plugins [exclusion list=, ]
2025-07-27 19:08:57,197 [INFO] PluginManage:310 - Check plugin analytics
2025-07-27 19:08:57,451 [INFO] AnalyticsPlugin:253 - Accepted Software Licenses: STM32CubeMX.6.15.0
2025-07-27 19:08:57,451 [INFO] AnalyticsPlugin:255 - Accepted CMSIS Pack Licenses: 
2025-07-27 19:08:57,451 [INFO] AnalyticsPlugin:257 - Accepted Firmware Licenses: FW.F4.1.28.0
2025-07-27 19:08:57,456 [ERROR] ConfigurationRetriever:142 - IOException on connection: sw-center.st.com
2025-07-27 19:08:57,457 [INFO] PluginManage:359 - Loaded plugin analytics (category:tool,tabindex:-1)
2025-07-27 19:08:57,457 [ERROR] ConfigurationRetriever:142 - IOException on connection: sw-center.st.com
2025-07-27 19:08:57,457 [ERROR] ConfigurationRetriever:142 - IOException on connection: sw-center.st.com
2025-07-27 19:08:57,458 [INFO] PluginManage:310 - Check plugin cadmodel
2025-07-27 19:08:57,468 [INFO] CADModel:105 - Init CAD model plugin
2025-07-27 19:08:57,470 [INFO] PluginManage:359 - Loaded plugin cadmodel (category:power,tabindex:5)
2025-07-27 19:08:57,470 [INFO] PluginManage:310 - Check plugin clock
2025-07-27 19:08:57,489 [INFO] PluginManage:359 - Loaded plugin clock (category:base,tabindex:2)
2025-07-27 19:08:57,489 [INFO] PluginManage:310 - Check plugin ddr
2025-07-27 19:08:57,496 [INFO] PluginManage:359 - Loaded plugin ddr (category:tool,tabindex:6)
2025-07-27 19:08:57,496 [INFO] PluginManage:310 - Check plugin filemanager
2025-07-27 19:08:57,690 [INFO] PluginManage:359 - Loaded plugin filemanager (category:base,tabindex:10)
2025-07-27 19:08:57,690 [INFO] PluginManage:310 - Check plugin ipmanager
2025-07-27 19:08:57,700 [INFO] PluginManage:359 - Loaded plugin ipmanager (category:base,tabindex:5)
2025-07-27 19:08:57,700 [INFO] PluginManage:310 - Check plugin lpbam
2025-07-27 19:08:57,713 [INFO] PluginManage:359 - Loaded plugin lpbam (category:base,tabindex:0)
2025-07-27 19:08:57,713 [INFO] PluginManage:310 - Check plugin memorymap
2025-07-27 19:08:57,732 [INFO] PluginManage:359 - Loaded plugin memorymap (category:base,tabindex:4)
2025-07-27 19:08:57,733 [INFO] PluginManage:310 - Check plugin pinoutandconfiguration
2025-07-27 19:08:57,746 [INFO] PluginManage:359 - Loaded plugin pinoutandconfiguration (category:base,tabindex:1)
2025-07-27 19:08:57,746 [INFO] PluginManage:310 - Check plugin pinoutconfig
2025-07-27 19:08:57,909 [WARN] SupportedApi:132 - Cannot load RTOS API schema: s4s-elt-must-match.1: The content of 'definitions' must match (annotation?, (simpleType | complexType)?, (unique | key | keyref)*)). A problem was found starting at: attribute.
2025-07-27 19:08:58,143 [INFO] PluginManage:359 - Loaded plugin pinoutconfig (category:base,tabindex:0)
2025-07-27 19:08:58,143 [INFO] PluginManage:310 - Check plugin power
2025-07-27 19:08:58,169 [INFO] PluginManage:359 - Loaded plugin power (category:power,tabindex:4)
2025-07-27 19:08:58,169 [INFO] PluginManage:310 - Check plugin projectmanager
2025-07-27 19:08:58,198 [INFO] PluginManage:359 - Loaded plugin projectmanager (category:projectmanager,tabindex:4)
2025-07-27 19:08:58,198 [INFO] PluginManage:310 - Check plugin rif
2025-07-27 19:08:58,215 [INFO] PluginManage:359 - Loaded plugin rif (category:base,tabindex:3)
2025-07-27 19:08:58,216 [INFO] PluginManage:310 - Check plugin thirdparty
2025-07-27 19:08:58,545 [INFO] PluginManage:359 - Loaded plugin thirdparty (category:base,tabindex:-1)
2025-07-27 19:08:58,545 [INFO] PluginManage:310 - Check plugin tools
2025-07-27 19:08:58,545 [WARN] IntegrityCheckThread:84 - waiting for thirdparty lock release [integrity check]
2025-07-27 19:08:58,547 [INFO] IntegrityCheckThread:86 - entering critical section [integrity check]
2025-07-27 19:08:58,547 [INFO] ThirdPartyUpdaterWithRetryManager:70 - Updater plugin not ready yet. [1/15]
2025-07-27 19:08:58,550 [INFO] PluginManage:359 - Loaded plugin tools (category:base,tabindex:7)
2025-07-27 19:08:58,552 [INFO] PluginManage:310 - Check plugin tutovideos
2025-07-27 19:08:59,018 [INFO] PluginManage:359 - Loaded plugin tutovideos (category:base,tabindex:-1)
2025-07-27 19:08:59,018 [INFO] PluginManage:310 - Check plugin updater
2025-07-27 19:08:59,078 [INFO] PluginManage:359 - Loaded plugin updater (category:base,tabindex:12)
2025-07-27 19:08:59,078 [INFO] PluginManage:310 - Check plugin userauth
2025-07-27 19:08:59,087 [INFO] UserAuth:118 - Init User Auth plugin
2025-07-27 19:08:59,089 [INFO] PluginManage:359 - Loaded plugin userauth (category:base,tabindex:14)
2025-07-27 19:08:59,089 [INFO] PluginManage:283 - PluginManage : Loaded plugins [18]
2025-07-27 19:08:59,671 [INFO] PinOutPanel:1589 - setPackage(No Configuration,No Configuration)
2025-07-27 19:08:59,825 [INFO] CADModel:165 - CPN selected for project level
2025-07-27 19:08:59,825 [INFO] CADModel:114 - Register for checkConnection events
2025-07-27 19:08:59,865 [INFO] IPUIPlugin:80 - create IPUIPlugin
2025-07-27 19:08:59,867 [INFO] PluginManager:220 - loadIPPluginJar : add adc
2025-07-27 19:08:59,873 [INFO] IPUIPlugin:80 - create IPUIPlugin
2025-07-27 19:08:59,873 [INFO] PluginManager:220 - loadIPPluginJar : add aes
2025-07-27 19:08:59,881 [INFO] IPUIPlugin:80 - create IPUIPlugin
2025-07-27 19:08:59,881 [INFO] PluginManager:220 - loadIPPluginJar : add can
2025-07-27 19:08:59,884 [INFO] IPUIPlugin:80 - create IPUIPlugin
2025-07-27 19:08:59,885 [INFO] PluginManager:220 - loadIPPluginJar : add comp
2025-07-27 19:08:59,889 [INFO] IPUIPlugin:80 - create IPUIPlugin
2025-07-27 19:08:59,889 [INFO] PluginManager:220 - loadIPPluginJar : add cryp
2025-07-27 19:08:59,896 [INFO] IPUIPlugin:80 - create IPUIPlugin
2025-07-27 19:08:59,898 [INFO] PluginManager:220 - loadIPPluginJar : add ddr_ctrl_phy
2025-07-27 19:08:59,905 [INFO] IPUIPlugin:80 - create IPUIPlugin
2025-07-27 19:08:59,905 [INFO] PluginManager:220 - loadIPPluginJar : add dfsdm
2025-07-27 19:08:59,918 [INFO] IPUIPlugin:80 - create IPUIPlugin
2025-07-27 19:08:59,918 [INFO] PluginManager:220 - loadIPPluginJar : add dma
2025-07-27 19:08:59,924 [INFO] IPUIPlugin:80 - create IPUIPlugin
2025-07-27 19:08:59,924 [INFO] PluginManager:220 - loadIPPluginJar : add dma3
2025-07-27 19:08:59,930 [INFO] IPUIPlugin:80 - create IPUIPlugin
2025-07-27 19:08:59,930 [INFO] PluginManager:220 - loadIPPluginJar : add extmemmanager
2025-07-27 19:08:59,932 [INFO] IPUIPlugin:80 - create IPUIPlugin
2025-07-27 19:08:59,932 [INFO] PluginManager:220 - loadIPPluginJar : add fatfs
2025-07-27 19:08:59,941 [INFO] IPUIPlugin:80 - create IPUIPlugin
2025-07-27 19:08:59,943 [INFO] PluginManager:220 - loadIPPluginJar : add fmc
2025-07-27 19:08:59,953 [INFO] IPUIPlugin:80 - create IPUIPlugin
2025-07-27 19:08:59,953 [INFO] PluginManager:220 - loadIPPluginJar : add freertos
2025-07-27 19:08:59,957 [INFO] IPUIPlugin:80 - create IPUIPlugin
2025-07-27 19:08:59,957 [INFO] PluginManager:220 - loadIPPluginJar : add genericplugin
2025-07-27 19:08:59,962 [INFO] IPUIPlugin:80 - create IPUIPlugin
2025-07-27 19:08:59,962 [INFO] PluginManager:220 - loadIPPluginJar : add gfxmmu
2025-07-27 19:08:59,969 [INFO] IPUIPlugin:80 - create IPUIPlugin
2025-07-27 19:08:59,969 [INFO] PluginManager:220 - loadIPPluginJar : add gic
2025-07-27 19:08:59,976 [INFO] IPUIPlugin:80 - create IPUIPlugin
2025-07-27 19:08:59,979 [INFO] PluginManager:220 - loadIPPluginJar : add gpio
2025-07-27 19:08:59,983 [INFO] IPUIPlugin:80 - create IPUIPlugin
2025-07-27 19:08:59,983 [INFO] PluginManager:220 - loadIPPluginJar : add gtzc
2025-07-27 19:08:59,990 [INFO] IPUIPlugin:80 - create IPUIPlugin
2025-07-27 19:08:59,990 [INFO] PluginManager:220 - loadIPPluginJar : add hash
2025-07-27 19:08:59,996 [INFO] IPUIPlugin:80 - create IPUIPlugin
2025-07-27 19:08:59,996 [INFO] PluginManager:220 - loadIPPluginJar : add i2c
2025-07-27 19:09:00,000 [INFO] IPUIPlugin:80 - create IPUIPlugin
2025-07-27 19:09:00,000 [INFO] PluginManager:220 - loadIPPluginJar : add i2s
2025-07-27 19:09:00,006 [INFO] IPUIPlugin:80 - create IPUIPlugin
2025-07-27 19:09:00,008 [INFO] PluginManager:220 - loadIPPluginJar : add i3c
2025-07-27 19:09:00,015 [INFO] IPUIPlugin:80 - create IPUIPlugin
2025-07-27 19:09:00,015 [INFO] PluginManager:220 - loadIPPluginJar : add ipddr
2025-07-27 19:09:00,021 [INFO] IPUIPlugin:80 - create IPUIPlugin
2025-07-27 19:09:00,021 [INFO] PluginManager:220 - loadIPPluginJar : add linkedlist
2025-07-27 19:09:00,031 [INFO] IPUIPlugin:80 - create IPUIPlugin
2025-07-27 19:09:00,031 [INFO] PluginManager:220 - loadIPPluginJar : add lorawan
2025-07-27 19:09:00,034 [INFO] IPUIPlugin:80 - create IPUIPlugin
2025-07-27 19:09:00,034 [INFO] PluginManager:220 - loadIPPluginJar : add ltdc
2025-07-27 19:09:00,046 [INFO] IPUIPlugin:80 - create IPUIPlugin
2025-07-27 19:09:00,046 [INFO] PluginManager:220 - loadIPPluginJar : add mdma
2025-07-27 19:09:00,052 [INFO] IPUIPlugin:80 - create IPUIPlugin
2025-07-27 19:09:00,053 [INFO] PluginManager:220 - loadIPPluginJar : add nvic
2025-07-27 19:09:00,055 [INFO] IPUIPlugin:80 - create IPUIPlugin
2025-07-27 19:09:00,055 [INFO] PluginManager:220 - loadIPPluginJar : add opamp
2025-07-27 19:09:00,062 [INFO] IPUIPlugin:80 - create IPUIPlugin
2025-07-27 19:09:00,062 [INFO] PluginManager:220 - loadIPPluginJar : add openamp
2025-07-27 19:09:00,070 [INFO] IPUIPlugin:80 - create IPUIPlugin
2025-07-27 19:09:00,070 [INFO] PluginManager:220 - loadIPPluginJar : add pdm2pcm
2025-07-27 19:09:00,080 [INFO] IPUIPlugin:80 - create IPUIPlugin
2025-07-27 19:09:00,086 [INFO] PluginManager:220 - loadIPPluginJar : add plateformsettings
2025-07-27 19:09:00,086 [INFO] IPUIPlugin:80 - create IPUIPlugin
2025-07-27 19:09:00,086 [INFO] PluginManager:220 - loadIPPluginJar : add quadspi
2025-07-27 19:09:00,091 [INFO] IPUIPlugin:80 - create IPUIPlugin
2025-07-27 19:09:00,095 [INFO] PluginManager:220 - loadIPPluginJar : add radio
2025-07-27 19:09:00,102 [INFO] IPUIPlugin:80 - create IPUIPlugin
2025-07-27 19:09:00,102 [INFO] PluginManager:220 - loadIPPluginJar : add resmgrutility
2025-07-27 19:09:00,110 [INFO] IPUIPlugin:80 - create IPUIPlugin
2025-07-27 19:09:00,110 [INFO] PluginManager:220 - loadIPPluginJar : add sai
2025-07-27 19:09:00,115 [INFO] IPUIPlugin:80 - create IPUIPlugin
2025-07-27 19:09:00,115 [INFO] PluginManager:220 - loadIPPluginJar : add spi
2025-07-27 19:09:00,128 [INFO] IPUIPlugin:80 - create IPUIPlugin
2025-07-27 19:09:00,128 [INFO] PluginManager:220 - loadIPPluginJar : add stm32_wpan
2025-07-27 19:09:00,133 [INFO] IPUIPlugin:80 - create IPUIPlugin
2025-07-27 19:09:00,133 [INFO] PluginManager:220 - loadIPPluginJar : add tim
2025-07-27 19:09:00,139 [INFO] IPUIPlugin:80 - create IPUIPlugin
2025-07-27 19:09:00,139 [INFO] PluginManager:220 - loadIPPluginJar : add touchsensing
2025-07-27 19:09:00,146 [INFO] IPUIPlugin:80 - create IPUIPlugin
2025-07-27 19:09:00,146 [INFO] PluginManager:220 - loadIPPluginJar : add tracer_emb
2025-07-27 19:09:00,148 [INFO] IPUIPlugin:80 - create IPUIPlugin
2025-07-27 19:09:00,148 [INFO] PluginManager:220 - loadIPPluginJar : add ts
2025-07-27 19:09:00,154 [INFO] IPUIPlugin:80 - create IPUIPlugin
2025-07-27 19:09:00,154 [INFO] PluginManager:220 - loadIPPluginJar : add tsc
2025-07-27 19:09:00,158 [INFO] IPUIPlugin:80 - create IPUIPlugin
2025-07-27 19:09:00,158 [INFO] PluginManager:220 - loadIPPluginJar : add ucpd
2025-07-27 19:09:00,164 [INFO] IPUIPlugin:80 - create IPUIPlugin
2025-07-27 19:09:00,166 [INFO] PluginManager:220 - loadIPPluginJar : add usart
2025-07-27 19:09:00,172 [INFO] IPUIPlugin:80 - create IPUIPlugin
2025-07-27 19:09:00,172 [INFO] PluginManager:220 - loadIPPluginJar : add usbx
2025-07-27 19:09:00,354 [FATAL] Updater:351 - Updater called before beeing initialized
2025-07-27 19:09:00,404 [INFO] RulesReader:64 - Compatibility file has been processed (317 Rules)
2025-07-27 19:09:00,425 [INFO] RulesReader:64 - Compatibility file has been processed (317 Rules)
2025-07-27 19:09:00,440 [INFO] CADModel:165 - CPN selected for project level
2025-07-27 19:09:00,440 [INFO] CADModel:114 - Register for checkConnection events
2025-07-27 19:09:00,440 [FATAL] Updater:351 - Updater called before beeing initialized
2025-07-27 19:09:00,442 [ERROR] CADModel:125 - Updater not yet initialized, retry later 
2025-07-27 19:09:00,806 [FATAL] Updater:351 - Updater called before beeing initialized
2025-07-27 19:09:00,810 [INFO] CADModel:165 - CPN selected for project level
2025-07-27 19:09:00,811 [INFO] CADModel:114 - Register for checkConnection events
2025-07-27 19:09:00,811 [FATAL] Updater:351 - Updater called before beeing initialized
2025-07-27 19:09:00,811 [ERROR] CADModel:125 - Updater not yet initialized, retry later 
2025-07-27 19:09:00,820 [FATAL] Updater:351 - Updater called before beeing initialized
2025-07-27 19:09:01,050 [FATAL] Updater:351 - Updater called before beeing initialized
2025-07-27 19:09:01,056 [INFO] DbMcusAds:53 - JSON generation date=Tue Jul 08 11:14:23 TRT 2025 (1751962463562)
2025-07-27 19:09:01,056 [FATAL] Updater:351 - Updater called before beeing initialized
2025-07-27 19:09:01,107 [WARN] DetailPanel:346 - Failed to get advertising image, set to default
2025-07-27 19:09:01,220 [FATAL] Updater:351 - Updater called before beeing initialized
2025-07-27 19:09:01,222 [FATAL] Updater:351 - Updater called before beeing initialized
2025-07-27 19:09:01,223 [FATAL] Updater:351 - Updater called before beeing initialized
2025-07-27 19:09:01,223 [WARN] DetailPanel:346 - Failed to get advertising image, set to default
2025-07-27 19:09:01,224 [FATAL] Updater:351 - Updater called before beeing initialized
2025-07-27 19:09:01,286 [ERROR] Updater:1198 - MainUpdater not yet initialized. External WinMGr cannot be set.
2025-07-27 19:09:01,289 [INFO] Updater:1134 - Updater Version found : 6.15.0
2025-07-27 19:09:01,304 [INFO] ApplicationProperties:184 - Using Application install path: C:\ST\STM32CubeIDE_1.19.0\STM32CubeIDE\plugins\com.st.stm32cube.common.mx_6.15.0.202507011659
2025-07-27 19:09:01,564 [INFO] ThirdPartyUpdaterWithRetryManager:70 - Updater plugin not ready yet. [2/15]
2025-07-27 19:09:02,907 [ERROR] LogOutputStream:75 - [STDERR_REDIRECT] Jul 27, 2025 7:09:02 PM java.util.prefs.WindowsPreferences <init>
2025-07-27 19:09:02,907 [ERROR] LogOutputStream:75 - [STDERR_REDIRECT] WARNING: Could not open/create prefs root node Software\JavaSoft\Prefs at root 0xffffffff80000002. Windows RegCreateKeyEx(...) returned error code 5.
2025-07-27 19:09:02,907 [ERROR] LogOutputStream:75 - [STDERR_REDIRECT] 
2025-07-27 19:09:03,266 [INFO] MainUpdater:2872 - connection check result : 22
2025-07-27 19:09:03,266 [INFO] MainUpdater:289 - Updater Check For Update Now.
2025-07-27 19:09:03,266 [INFO] MicroXplorer:498 - Change Database Version : DB.6.0.150
2025-07-27 19:09:03,284 [INFO] McuFinderGlobals:63 - Set McuFinder mode to 2 (CubeIDE integrated)
2025-07-27 19:09:03,284 [INFO] UserAuth:171 - activating auth plugin
2025-07-27 19:09:03,286 [INFO] UserAuth:487 - Internet connection configuration mode: 2
2025-07-27 19:09:03,308 [INFO] UserAuth:487 - Internet connection configuration mode: 2
2025-07-27 19:09:03,487 [INFO] CheckServerUpdateThread:120 - End of CheckServer Thread
2025-07-27 19:09:04,842 [WARN] PackLoader:240 - Cannot read IP mode file for STMicroelectronics.FP-SNS-MOTENVWB1.1.4.0
2025-07-27 19:09:04,858 [WARN] PackLoader:240 - Cannot read IP mode file for STMicroelectronics.FP-ATR-ASTRA1.2.0.2
2025-07-27 19:09:04,868 [WARN] PackLoader:240 - Cannot read IP mode file for STMicroelectronics.X-CUBE-SMBUS.2.1.0
2025-07-27 19:09:04,874 [WARN] PackLoader:240 - Cannot read IP mode file for STMicroelectronics.X-CUBE-ST60.1.0.0
2025-07-27 19:09:04,906 [WARN] PackLoader:240 - Cannot read IP mode file for STMicroelectronics.X-CUBE-AZRTOS-F7.1.1.0
2025-07-27 19:09:04,937 [WARN] PackLoader:240 - Cannot read IP mode file for Infineon.AIROC-Wi-Fi-Bluetooth-STM32.1.7.1
2025-07-27 19:09:04,987 [WARN] PackLoader:240 - Cannot read IP mode file for STMicroelectronics.X-CUBE-AZRTOS-H7.3.4.0
2025-07-27 19:09:05,016 [WARN] PackLoader:240 - Cannot read IP mode file for STMicroelectronics.X-CUBE-DISPLAY.3.0.0
2025-07-27 19:09:05,032 [WARN] PackLoader:240 - Cannot read IP mode file for STMicroelectronics.X-CUBE-NFC10.1.0.0
2025-07-27 19:09:05,035 [WARN] PackLoader:240 - Cannot read IP mode file for emotas.I-CUBE-CANOPEN.1.3.0
2025-07-27 19:09:05,049 [WARN] PackLoader:240 - Cannot read IP mode file for STMicroelectronics.FP-SNS-SMARTAG2.1.2.0
2025-07-27 19:09:05,049 [WARN] PackLoader:240 - Cannot read IP mode file for STMicroelectronics.FP-SNS-FLIGHT1.5.1.0
2025-07-27 19:09:05,064 [INFO] LogOutputStream:77 - [STDOUT_REDIRECT] 1 : Invalid condition id : UX_CORESTACK_Condition cause : null
2025-07-27 19:09:05,064 [INFO] LogOutputStream:77 - [STDOUT_REDIRECT] 1 : Invalid condition id : UX_CORESTACK_Condition cause : null
2025-07-27 19:09:05,064 [INFO] LogOutputStream:77 - [STDOUT_REDIRECT] 1 : Invalid condition id : UX_CORESTACK_Condition cause : null
2025-07-27 19:09:05,064 [INFO] LogOutputStream:77 - [STDOUT_REDIRECT] 1 : Invalid condition id : UX_CORESTACK_Condition cause : null
2025-07-27 19:09:05,064 [INFO] LogOutputStream:77 - [STDOUT_REDIRECT] 1 : Invalid condition id : UX_CORESTACK_Condition cause : null
2025-07-27 19:09:05,064 [WARN] PackLoader:240 - Cannot read IP mode file for STMicroelectronics.X-CUBE-AZRTOS-WL.2.0.0
2025-07-27 19:09:05,079 [WARN] PackLoader:240 - Cannot read IP mode file for STMicroelectronics.FP-SNS-MOTENV1.5.0.0
2025-07-27 19:09:05,079 [WARN] PackLoader:240 - Cannot read IP mode file for WES.I-CUBE-Cesium.1.3.0
2025-07-27 19:09:05,095 [WARN] PackLoader:240 - Cannot read IP mode file for STMicroelectronics.X-CUBE-BLE2.3.3.0
2025-07-27 19:09:05,107 [WARN] PackLoader:240 - Cannot read IP mode file for STMicroelectronics.X-CUBE-NFC9.1.0.0
2025-07-27 19:09:05,115 [WARN] PackLoader:240 - Cannot read IP mode file for wolfSSL.I-CUBE-wolfSSL.5.8.0
2025-07-27 19:09:05,115 [WARN] PackLoader:240 - Cannot read IP mode file for STMicroelectronics.X-CUBE-BLE1.7.1.0
2025-07-27 19:09:05,127 [WARN] PackLoader:240 - Cannot read IP mode file for wolfSSL.I-CUBE-wolfMQTT.1.19.2
2025-07-27 19:09:05,127 [WARN] PackLoader:240 - Cannot read IP mode file for STMicroelectronics.X-CUBE-EEPRMA1.5.2.0
2025-07-27 19:09:05,143 [WARN] PackLoader:240 - Cannot read IP mode file for STMicroelectronics.X-CUBE-AI.10.1.0
2025-07-27 19:09:05,159 [WARN] PackLoader:240 - Cannot read IP mode file for STMicroelectronics.X-CUBE-AZRTOS-G0.1.1.0
2025-07-27 19:09:05,171 [WARN] PackLoader:240 - Cannot read IP mode file for STMicroelectronics.X-CUBE-SAFEA1.1.2.2
2025-07-27 19:09:05,176 [WARN] PackLoader:240 - Cannot read IP mode file for STMicroelectronics.X-CUBE-NFC4.3.0.0
2025-07-27 19:09:05,190 [WARN] PackLoader:240 - Cannot read IP mode file for EmbeddedOffice.I-CUBE-FS-RTOS.1.0.1
2025-07-27 19:09:05,190 [WARN] PackLoader:240 - Cannot read IP mode file for STMicroelectronics.X-CUBE-WB05N.2.0.0
2025-07-27 19:09:05,190 [WARN] PackLoader:240 - Cannot read IP mode file for wolfSSL.I-CUBE-wolfTPM.3.8.0
2025-07-27 19:09:05,205 [WARN] PackLoader:240 - Cannot read IP mode file for STMicroelectronics.X-CUBE-TCPP.4.2.0
2025-07-27 19:09:05,221 [WARN] PackLoader:240 - Cannot read IP mode file for RealThread.X-CUBE-RT-Thread_Nano.4.1.1
2025-07-27 19:09:05,222 [WARN] PackLoader:240 - Cannot read IP mode file for STMicroelectronics.FP-ATR-SIGFOX1.3.2.0
2025-07-27 19:09:05,222 [WARN] PackLoader:240 - Cannot read IP mode file for ITTIA_DB.I-CUBE-ITTIADB.8.9.0
2025-07-27 19:09:05,237 [WARN] PackLoader:240 - Cannot read IP mode file for STMicroelectronics.X-CUBE-ST67W61.1.0.0
2025-07-27 19:09:05,268 [WARN] PackLoader:240 - Cannot read IP mode file for SEGGER.I-CUBE-embOS.1.3.1
2025-07-27 19:09:05,335 [WARN] PackLoader:240 - Cannot read IP mode file for STMicroelectronics.X-CUBE-ALGOBUILD.1.4.0
2025-07-27 19:09:05,396 [WARN] PackLoader:240 - Cannot read IP mode file for STMicroelectronics.X-CUBE-MEMS1.11.3.0
2025-07-27 19:09:05,565 [WARN] PackLoader:240 - Cannot read IP mode file for STMicroelectronics.X-CUBE-PM33A1.1.0.0
2025-07-27 19:09:05,586 [WARN] PackLoader:240 - Cannot read IP mode file for STMicroelectronics.X-CUBE-AZRTOS-F4.1.1.0
2025-07-27 19:09:05,598 [WARN] PackLoader:240 - Cannot read IP mode file for Avnet-IotConnect.X-CUBE-IoTC-DA16k-PMOD.1.0.0
2025-07-27 19:09:05,605 [WARN] PackLoader:240 - Cannot read IP mode file for STMicroelectronics.X-CUBE-ISPU.2.1.0
2025-07-27 19:09:05,614 [WARN] PackLoader:240 - Cannot read IP mode file for STMicroelectronics.X-CUBE-NFC12.1.0.0
2025-07-27 19:09:05,670 [WARN] PackLoader:240 - Cannot read IP mode file for STMicroelectronics.X-CUBE-AZRTOS-L5.2.0.0
2025-07-27 19:09:05,681 [WARN] PackLoader:240 - Cannot read IP mode file for STMicroelectronics.X-CUBE-NFC6.3.1.0
2025-07-27 19:09:05,695 [WARN] PackLoader:240 - Cannot read IP mode file for STMicroelectronics.X-CUBE-FREERTOS.1.3.1
2025-07-27 19:09:05,699 [WARN] PackLoader:240 - Cannot read IP mode file for STMicroelectronics.FP-SNS-STAIOTCFT.1.0.0
2025-07-27 19:09:05,712 [WARN] PackLoader:240 - Cannot read IP mode file for STMicroelectronics.X-CUBE-DPower.1.3.0
2025-07-27 19:09:05,726 [WARN] ConditionMgr:438 - getConditionDescription Invalid condition id : LAN8742 Phy interface Condition cause : null
2025-07-27 19:09:05,726 [WARN] PackLoader:240 - Cannot read IP mode file for STMicroelectronics.X-CUBE-AZRTOS-L4.2.0.0
2025-07-27 19:09:05,726 [WARN] ConditionMgr:1044 - genDependencies : Invalid condition id : LAN8742 Phy interface Condition cause : null
2025-07-27 19:09:05,726 [WARN] ConditionMgr:1044 - genDependencies : Invalid condition id : LAN8742 Phy interface Condition cause : null
2025-07-27 19:09:05,726 [WARN] ConditionMgr:1044 - genDependencies : Invalid condition id : LAN8742 Phy interface Condition cause : null
2025-07-27 19:09:05,741 [WARN] PackLoader:240 - Cannot read IP mode file for STMicroelectronics.X-CUBE-SFXS2LP1.4.0.0
2025-07-27 19:09:05,761 [WARN] PackLoader:240 - Cannot read IP mode file for STMicroelectronics.X-CUBE-BLEMGR.4.1.0
2025-07-27 19:09:05,783 [WARN] ConditionMgr:438 - getConditionDescription Invalid condition id : UX DEVICE CLASS RTOS Condition cause : null
2025-07-27 19:09:05,785 [WARN] ConditionMgr:438 - getConditionDescription Invalid condition id : UX DEVICE CLASS RTOS Condition cause : null
2025-07-27 19:09:05,786 [WARN] PackLoader:240 - Cannot read IP mode file for STMicroelectronics.X-CUBE-AZRTOS-WB.2.0.0
2025-07-27 19:09:05,786 [WARN] ConditionMgr:1044 - genDependencies : Invalid condition id : UX DEVICE CLASS RTOS Condition cause : null
2025-07-27 19:09:05,786 [WARN] ConditionMgr:1044 - genDependencies : Invalid condition id : UX DEVICE CLASS RTOS Condition cause : null
2025-07-27 19:09:05,788 [WARN] ConditionMgr:1044 - genDependencies : Invalid condition id : UX DEVICE CLASS RTOS Condition cause : null
2025-07-27 19:09:05,789 [WARN] ConditionMgr:1044 - genDependencies : Invalid condition id : UX DEVICE CLASS RTOS Condition cause : null
2025-07-27 19:09:05,789 [WARN] ConditionMgr:1044 - genDependencies : Invalid condition id : UX DEVICE CLASS RTOS Condition cause : null
2025-07-27 19:09:05,796 [WARN] PackLoader:240 - Cannot read IP mode file for STMicroelectronics.X-CUBE-GNSS1.7.0.1
2025-07-27 19:09:05,804 [WARN] PackLoader:240 - Cannot read IP mode file for STMicroelectronics.X-CUBE-TOUCHGFX.4.25.0
2025-07-27 19:09:05,813 [WARN] PackLoader:240 - Cannot read IP mode file for STMicroelectronics.FP-SNS-STBOX1.2.0.0
2025-07-27 19:09:05,822 [WARN] ConditionMgr:438 - getConditionDescription Invalid condition id : Cortex-A Device cause : null
2025-07-27 19:09:05,844 [WARN] ConditionMgr:1044 - genDependencies : Invalid condition id : Cortex-A Device cause : null
2025-07-27 19:09:05,844 [WARN] ConditionMgr:1044 - genDependencies : Invalid condition id : Cortex-A Device cause : null
2025-07-27 19:09:05,844 [WARN] ConditionMgr:1044 - genDependencies : Invalid condition id : Cortex-A Device cause : null
2025-07-27 19:09:05,856 [WARN] PackLoader:240 - Cannot read IP mode file for STMicroelectronics.X-CUBE-SUBG2.5.0.0
2025-07-27 19:09:05,889 [WARN] PackLoader:240 - Cannot read IP mode file for STMicroelectronics.X-CUBE-AZRTOS-H7RS.1.1.0
2025-07-27 19:09:05,899 [WARN] PackLoader:240 - Cannot read IP mode file for Cesanta.I-CUBE-Mongoose.7.13.0
2025-07-27 19:09:05,920 [WARN] PackLoader:240 - Cannot read IP mode file for STMicroelectronics.X-CUBE-AZRTOS-G4.2.0.0
2025-07-27 19:09:05,926 [WARN] PackLoader:240 - Cannot read IP mode file for wolfSSL.I-CUBE-wolfSSH.1.4.20
2025-07-27 19:09:05,936 [WARN] PackLoader:240 - Cannot read IP mode file for STMicroelectronics.X-CUBE-NFC7.2.0.0
2025-07-27 19:09:05,955 [WARN] PackLoader:240 - Cannot read IP mode file for STMicroelectronics.X-CUBE-IPS.3.1.0
2025-07-27 19:09:05,968 [WARN] PackLoader:240 - Cannot read IP mode file for STMicroelectronics.X-CUBE-ALS.1.0.2
2025-07-27 19:09:05,976 [WARN] PackLoader:240 - Cannot read IP mode file for portGmbH.I-Cube-SoM-uGOAL.1.1.0
2025-07-27 19:09:05,987 [WARN] PackLoader:240 - Cannot read IP mode file for STMicroelectronics.X-CUBE-TOF1.3.4.3
2025-07-27 19:09:06,001 [INFO] ThirdParty:978 - Integrity check success = true
2025-07-27 19:09:06,001 [INFO] IntegrityCheckThread:100 - exiting critical section [integrity check]
2025-07-27 19:09:06,001 [INFO] IntegrityCheckThread:103 - End integrity checks thread
2025-07-27 19:18:33,839 [ERROR] ConfigurationRetriever:142 - IOException on connection: sw-center.st.com
2025-07-27 19:18:33,841 [ERROR] ConfigurationRetriever:142 - IOException on connection: sw-center.st.com
2025-07-27 19:18:33,841 [ERROR] ConfigurationRetriever:142 - IOException on connection: sw-center.st.com
2025-07-27 19:18:42,859 [ERROR] ConfigurationRetriever:142 - IOException on connection: sw-center.st.com
2025-07-27 19:18:42,862 [ERROR] ConfigurationRetriever:142 - IOException on connection: sw-center.st.com
2025-07-27 19:18:42,863 [ERROR] ConfigurationRetriever:142 - IOException on connection: sw-center.st.com
2025-07-27 19:18:44,074 [ERROR] LogOutputStream:75 - [STDERR_REDIRECT] 
